#
# There is insufficient memory for the Java Runtime Environment to continue.
# Native memory allocation (mmap) failed to map 13631488 bytes for Failed to commit area from 0x00000000c4000000 to 0x00000000c4d00000 of length 13631488.
# Possible reasons:
#   The system is out of physical RAM or swap space
#   The process is running with CompressedOops enabled, and the Java Heap may be blocking the growth of the native heap
# Possible solutions:
#   Reduce memory load on the system
#   Increase physical memory or swap space
#   Check if swap backing store is full
#   Decrease Java heap size (-Xmx/-Xms)
#   Decrease number of Java threads
#   Decrease Java thread stack sizes (-Xss)
#   Set larger code cache with -XX:ReservedCodeCacheSize=
#   JVM is running with Unscaled Compressed Oops mode in which the Java heap is
#     placed in the first 4GB address space. The Java Heap base address is the
#     maximum limit for the native heap growth. Please use -XX:HeapBaseMinAddress
#     to set the Java Heap base and to place the Java Heap above 4GB virtual address.
# This output file may be truncated or incomplete.
#
#  Out of Memory Error (./open/src/hotspot/os/windows/os_windows.cpp:3271), pid=15668, tid=15400
#
# JRE version: Java(TM) SE Runtime Environment 18.9 (11.0.7+8) (build 11.0.7+8-LTS)
# Java VM: Java HotSpot(TM) 64-Bit Server VM 18.9 (11.0.7+8-LTS, mixed mode, tiered, compressed oops, g1 gc, windows-amd64)
# No core dump will be written. Minidumps are not enabled by default on client versions of Windows
#

---------------  S U M M A R Y ------------

Command Line: -Dcom.sun.management.jmxremote -Dcom.sun.management.jmxremote.port=53167 -Dcom.sun.management.jmxremote.authenticate=false -Dcom.sun.management.jmxremote.ssl=false -Djava.rmi.server.hostname=localhost -Dspring.jmx.enabled=true -Dspring.application.admin.enabled=true -Xverify:none -XX:TieredStopAtLevel=1 -Dspring.boot.project.name=course -Dfile.encoding=UTF-8 com.ablogic.course.CourseApplication --spring.output.ansi.enabled=always

Host: Intel(R) Core(TM)2 Duo CPU     E7400  @ 2.80GHz, 2 cores, 3G,  Windows 7 , 64 bit Build 7601 (6.1.7601.18015)
Time: Wed Jul 29 20:35:18 2020 Hora oficial do Brasil elapsed time: 6 seconds (0d 0h 0m 6s)

---------------  T H R E A D  ---------------

Current thread (0x000000001f363800):  VMThread "VM Thread" [stack: 0x000000001f620000,0x000000001f720000] [id=15400]

Stack: [0x000000001f620000,0x000000001f720000]
[error occurred during error reporting (printing stack bounds), id 0xc0000005, EXCEPTION_ACCESS_VIOLATION (0xc0000005) at pc=0x000000000a840bbd]

Native frames: (J=compiled Java code, j=interpreted, Vv=VM code, C=native code)
V  [jvm.dll+0x661a7a]
V  [jvm.dll+0x7a1b2f]
V  [jvm.dll+0x7a31d5]
V  [jvm.dll+0x7a37a5]
V  [jvm.dll+0x7a375b]
V  [jvm.dll+0x661176]
V  [jvm.dll+0x661548]
C  [ntdll.dll+0x29d2d]
C  [ntdll.dll+0x191cf]
C  [ntdll.dll+0x51248]
C  0x000000000a840bbd

VM_Operation (0x0000000022a28640): G1CollectForAllocation, mode: safepoint, requested by thread 0x0000000020e67800


---------------  P R O C E S S  ---------------

Threads class SMR info:
_java_thread_list=0x00000000230007a0, length=18, elements={
0x00000000004d4000, 0x000000001f367800, 0x000000001f36c000, 0x000000001f37f800,
0x000000001f380800, 0x000000001f382000, 0x000000001f387000, 0x000000001f320800,
0x000000001f49e800, 0x0000000020965800, 0x000000002094f800, 0x0000000020999800,
0x000000002099b800, 0x0000000020a3b800, 0x0000000020d20000, 0x0000000020d30000,
0x0000000020e67800, 0x0000000020e68800
}

Java Threads: ( => current thread )
  0x00000000004d4000 JavaThread "main" [_thread_blocked, id=14728, stack(0x0000000001d40000,0x0000000001e40000)]
  0x000000001f367800 JavaThread "Reference Handler" daemon [_thread_blocked, id=15604, stack(0x000000001f760000,0x000000001f860000)]
  0x000000001f36c000 JavaThread "Finalizer" daemon [_thread_blocked, id=13028, stack(0x000000001f8c0000,0x000000001f9c0000)]
  0x000000001f37f800 JavaThread "Signal Dispatcher" daemon [_thread_blocked, id=9996, stack(0x000000001fa30000,0x000000001fb30000)]
  0x000000001f380800 JavaThread "Attach Listener" daemon [_thread_blocked, id=8080, stack(0x000000001fb90000,0x000000001fc90000)]
  0x000000001f382000 JavaThread "C1 CompilerThread0" daemon [_thread_blocked, id=15404, stack(0x000000001fdf0000,0x000000001fef0000)]
  0x000000001f387000 JavaThread "Sweeper thread" daemon [_thread_blocked, id=15924, stack(0x000000001ffc0000,0x00000000200c0000)]
  0x000000001f320800 JavaThread "Common-Cleaner" daemon [_thread_blocked, id=13288, stack(0x000000001fce0000,0x000000001fde0000)]
  0x000000001f49e800 JavaThread "Service Thread" daemon [_thread_blocked, id=15212, stack(0x00000000206b0000,0x00000000207b0000)]
  0x0000000020965800 JavaThread "RMI TCP Accept-0" daemon [_thread_in_native, id=15412, stack(0x0000000021800000,0x0000000021900000)]
  0x000000002094f800 JavaThread "RMI TCP Accept-53167" daemon [_thread_in_native, id=13464, stack(0x0000000021970000,0x0000000021a70000)]
  0x0000000020999800 JavaThread "RMI TCP Accept-0" daemon [_thread_in_native, id=15272, stack(0x0000000021d40000,0x0000000021e40000)]
  0x000000002099b800 JavaThread "RMI TCP Connection(1)-127.0.0.1" daemon [_thread_in_native, id=15492, stack(0x0000000021e50000,0x0000000021f50000)]
  0x0000000020a3b800 JavaThread "RMI Scheduler(0)" daemon [_thread_blocked, id=15312, stack(0x0000000021f50000,0x0000000022050000)]
  0x0000000020d20000 JavaThread "RMI TCP Connection(2)-127.0.0.1" daemon [_thread_in_native, id=14364, stack(0x0000000022380000,0x0000000022480000)]
  0x0000000020d30000 JavaThread "JMX server connection timeout 18" daemon [_thread_blocked, id=10560, stack(0x00000000225e0000,0x00000000226e0000)]
  0x0000000020e67800 JavaThread "RMI TCP Connection(3)-127.0.0.1" daemon [_thread_blocked, id=15648, stack(0x0000000022930000,0x0000000022a30000)]
  0x0000000020e68800 JavaThread "JMX server connection timeout 21" daemon [_thread_blocked, id=15628, stack(0x0000000022ab0000,0x0000000022bb0000)]

Other Threads:
=>0x000000001f363800 VMThread "VM Thread" [stack: 0x000000001f620000,0x000000001f720000] [id=15400]
  0x000000002099b000 WatcherThread [stack: 0x0000000021030000,0x0000000021130000] [id=9264]
  0x00000000004e8000 GCTaskThread "GC Thread#0" [stack: 0x0000000002070000,0x0000000002170000] [id=7132]
  0x00000000208bd000 GCTaskThread "GC Thread#1" [stack: 0x0000000021130000,0x0000000021230000] [id=14520]
  0x0000000000504800 ConcurrentGCThread "G1 Main Marker" [stack: 0x000000001c280000,0x000000001c380000] [id=14604]
  0x0000000000507000 ConcurrentGCThread "G1 Conc#0" [stack: 0x000000001c530000,0x000000001c630000] [id=15812]
  0x0000000000551000 ConcurrentGCThread "G1 Refine#0" [stack: 0x000000001e890000,0x000000001e990000] [id=14032]
  0x0000000000552800 ConcurrentGCThread "G1 Young RemSet Sampling" [stack: 0x000000001e9a0000,0x000000001eaa0000] [id=12140]

Threads with active compile tasks:

VM state:at safepoint (normal execution)

VM Mutex/Monitor currently owned by a thread:  ([mutex/lock_event])
[0x00000000004d1180] Threads_lock - owner thread: 0x000000001f363800
[0x00000000004d18d0] Heap_lock - owner thread: 0x0000000020e67800

Heap address: 0x00000000c0000000, size: 1024 MB, Compressed Oops mode: 32-bit
Narrow klass base: 0x0000000000000000, Narrow klass shift: 0
Compressed class space size: 1073741824 Address: 0x000000007fff0000

Heap:
 garbage-first heap   total 78848K, used 11754K [0x00000000c0000000, 0x0000000100000000)
  region size 1024K, 4 young (4096K), 4 survivors (4096K)
 Metaspace       used 27585K, capacity 28620K, committed 28848K, reserved 1075200K
  class space    used 3353K, capacity 3756K, committed 3840K, reserved 1048576K
Heap Regions: E=young(eden), S=young(survivor), O=old, HS=humongous(starts), HC=humongous(continues), CS=collection set, F=free, A=archive, TAMS=top-at-mark-start (previous, next)
|   0|0x00000000c0000000, 0x00000000c0100000, 0x00000000c0100000|100%|HS|  |TAMS 0x00000000c0100000, 0x00000000c0000000| Complete 
|   1|0x00000000c0100000, 0x00000000c0200000, 0x00000000c0200000|100%| O|  |TAMS 0x00000000c0200000, 0x00000000c0100000| Untracked 
|   2|0x00000000c0200000, 0x00000000c0300000, 0x00000000c0300000|100%| O|  |TAMS 0x00000000c0300000, 0x00000000c0200000| Untracked 
|   3|0x00000000c0300000, 0x00000000c0400000, 0x00000000c0400000|100%| O|  |TAMS 0x00000000c0400000, 0x00000000c0300000| Untracked 
|   4|0x00000000c0400000, 0x00000000c0500000, 0x00000000c0500000|100%| O|  |TAMS 0x00000000c0500000, 0x00000000c0400000| Untracked 
|   5|0x00000000c0500000, 0x00000000c0600000, 0x00000000c0600000|100%| O|  |TAMS 0x00000000c0600000, 0x00000000c0500000| Untracked 
|   6|0x00000000c0600000, 0x00000000c0700000, 0x00000000c0700000|100%| O|  |TAMS 0x00000000c06af200, 0x00000000c0600000| Untracked 
|   7|0x00000000c0700000, 0x00000000c07bc200, 0x00000000c0800000| 73%| O|  |TAMS 0x00000000c0700000, 0x00000000c0700000| Untracked 
|   8|0x00000000c0800000, 0x00000000c0800000, 0x00000000c0900000|  0%| F|  |TAMS 0x00000000c0800000, 0x00000000c0800000| Untracked 
|   9|0x00000000c0900000, 0x00000000c0900000, 0x00000000c0a00000|  0%| F|  |TAMS 0x00000000c0900000, 0x00000000c0900000| Untracked 
|  10|0x00000000c0a00000, 0x00000000c0a00000, 0x00000000c0b00000|  0%| F|  |TAMS 0x00000000c0a00000, 0x00000000c0a00000| Untracked 
|  11|0x00000000c0b00000, 0x00000000c0b00000, 0x00000000c0c00000|  0%| F|  |TAMS 0x00000000c0b00000, 0x00000000c0b00000| Untracked 
|  12|0x00000000c0c00000, 0x00000000c0c00000, 0x00000000c0d00000|  0%| F|  |TAMS 0x00000000c0c00000, 0x00000000c0c00000| Untracked 
|  13|0x00000000c0d00000, 0x00000000c0d00000, 0x00000000c0e00000|  0%| F|  |TAMS 0x00000000c0d00000, 0x00000000c0d00000| Untracked 
|  14|0x00000000c0e00000, 0x00000000c0e00000, 0x00000000c0f00000|  0%| F|  |TAMS 0x00000000c0e00000, 0x00000000c0e00000| Untracked 
|  15|0x00000000c0f00000, 0x00000000c0f00000, 0x00000000c1000000|  0%| F|  |TAMS 0x00000000c0f00000, 0x00000000c0f00000| Untracked 
|  16|0x00000000c1000000, 0x00000000c1000000, 0x00000000c1100000|  0%| F|  |TAMS 0x00000000c1000000, 0x00000000c1000000| Untracked 
|  17|0x00000000c1100000, 0x00000000c1100000, 0x00000000c1200000|  0%| F|  |TAMS 0x00000000c1100000, 0x00000000c1100000| Untracked 
|  18|0x00000000c1200000, 0x00000000c1200000, 0x00000000c1300000|  0%| F|  |TAMS 0x00000000c1200000, 0x00000000c1200000| Untracked 
|  19|0x00000000c1300000, 0x00000000c1300000, 0x00000000c1400000|  0%| F|  |TAMS 0x00000000c1300000, 0x00000000c1300000| Untracked 
|  20|0x00000000c1400000, 0x00000000c1400000, 0x00000000c1500000|  0%| F|  |TAMS 0x00000000c1400000, 0x00000000c1400000| Untracked 
|  21|0x00000000c1500000, 0x00000000c1500000, 0x00000000c1600000|  0%| F|  |TAMS 0x00000000c1500000, 0x00000000c1500000| Untracked 
|  22|0x00000000c1600000, 0x00000000c1600000, 0x00000000c1700000|  0%| F|  |TAMS 0x00000000c1600000, 0x00000000c1600000| Untracked 
|  23|0x00000000c1700000, 0x00000000c1700000, 0x00000000c1800000|  0%| F|  |TAMS 0x00000000c1700000, 0x00000000c1700000| Untracked 
|  24|0x00000000c1800000, 0x00000000c18be890, 0x00000000c1900000| 74%| S|CS|TAMS 0x00000000c1800000, 0x00000000c1800000| Complete 
|  25|0x00000000c1900000, 0x00000000c1900000, 0x00000000c1a00000|  0%| F|  |TAMS 0x00000000c1900000, 0x00000000c1900000| Untracked 
|  26|0x00000000c1a00000, 0x00000000c1a00000, 0x00000000c1b00000|  0%| F|  |TAMS 0x00000000c1a00000, 0x00000000c1a00000| Untracked 
|  27|0x00000000c1b00000, 0x00000000c1b00000, 0x00000000c1c00000|  0%| F|  |TAMS 0x00000000c1b00000, 0x00000000c1b00000| Untracked 
|  28|0x00000000c1c00000, 0x00000000c1d00000, 0x00000000c1d00000|100%| S|CS|TAMS 0x00000000c1c00000, 0x00000000c1c00000| Complete 
|  29|0x00000000c1d00000, 0x00000000c1e00000, 0x00000000c1e00000|100%| S|CS|TAMS 0x00000000c1d00000, 0x00000000c1d00000| Complete 
|  30|0x00000000c1e00000, 0x00000000c1f00000, 0x00000000c1f00000|100%| S|CS|TAMS 0x00000000c1e00000, 0x00000000c1e00000| Complete 
|  31|0x00000000c1f00000, 0x00000000c1f00000, 0x00000000c2000000|  0%| F|  |TAMS 0x00000000c1f00000, 0x00000000c1f00000| Untracked 
|  32|0x00000000c2000000, 0x00000000c2000000, 0x00000000c2100000|  0%| F|  |TAMS 0x00000000c2000000, 0x00000000c2000000| Untracked 
|  33|0x00000000c2100000, 0x00000000c2100000, 0x00000000c2200000|  0%| F|  |TAMS 0x00000000c2100000, 0x00000000c2100000| Untracked 
|  34|0x00000000c2200000, 0x00000000c2200000, 0x00000000c2300000|  0%| F|  |TAMS 0x00000000c2200000, 0x00000000c2200000| Untracked 
|  35|0x00000000c2300000, 0x00000000c2300000, 0x00000000c2400000|  0%| F|  |TAMS 0x00000000c2300000, 0x00000000c2300000| Untracked 
|  36|0x00000000c2400000, 0x00000000c2400000, 0x00000000c2500000|  0%| F|  |TAMS 0x00000000c2400000, 0x00000000c2400000| Untracked 
|  37|0x00000000c2500000, 0x00000000c2500000, 0x00000000c2600000|  0%| F|  |TAMS 0x00000000c2500000, 0x00000000c2500000| Untracked 
|  38|0x00000000c2600000, 0x00000000c2600000, 0x00000000c2700000|  0%| F|  |TAMS 0x00000000c2600000, 0x00000000c2600000| Untracked 
|  39|0x00000000c2700000, 0x00000000c2700000, 0x00000000c2800000|  0%| F|  |TAMS 0x00000000c2700000, 0x00000000c2700000| Untracked 
|  40|0x00000000c2800000, 0x00000000c2800000, 0x00000000c2900000|  0%| F|  |TAMS 0x00000000c2800000, 0x00000000c2800000| Untracked 
|  41|0x00000000c2900000, 0x00000000c2900000, 0x00000000c2a00000|  0%| F|  |TAMS 0x00000000c2900000, 0x00000000c2900000| Untracked 
|  42|0x00000000c2a00000, 0x00000000c2a00000, 0x00000000c2b00000|  0%| F|  |TAMS 0x00000000c2a00000, 0x00000000c2a00000| Untracked 
|  43|0x00000000c2b00000, 0x00000000c2b00000, 0x00000000c2c00000|  0%| F|  |TAMS 0x00000000c2b00000, 0x00000000c2b00000| Untracked 
|  44|0x00000000c2c00000, 0x00000000c2c00000, 0x00000000c2d00000|  0%| F|  |TAMS 0x00000000c2c00000, 0x00000000c2c00000| Untracked 
|  45|0x00000000c2d00000, 0x00000000c2d00000, 0x00000000c2e00000|  0%| F|  |TAMS 0x00000000c2d00000, 0x00000000c2d00000| Untracked 
|  46|0x00000000c2e00000, 0x00000000c2e00000, 0x00000000c2f00000|  0%| F|  |TAMS 0x00000000c2e00000, 0x00000000c2e00000| Untracked 
|  47|0x00000000c2f00000, 0x00000000c2f00000, 0x00000000c3000000|  0%| F|  |TAMS 0x00000000c2f00000, 0x00000000c2f00000| Untracked 
|  48|0x00000000c3000000, 0x00000000c3000000, 0x00000000c3100000|  0%| F|  |TAMS 0x00000000c3000000, 0x00000000c3000000| Untracked 
|  49|0x00000000c3100000, 0x00000000c3100000, 0x00000000c3200000|  0%| F|  |TAMS 0x00000000c3100000, 0x00000000c3100000| Untracked 
|  50|0x00000000c3200000, 0x00000000c3200000, 0x00000000c3300000|  0%| F|  |TAMS 0x00000000c3200000, 0x00000000c3200000| Untracked 
|  51|0x00000000c3300000, 0x00000000c3300000, 0x00000000c3400000|  0%| F|  |TAMS 0x00000000c3300000, 0x00000000c3300000| Untracked 
|  52|0x00000000c3400000, 0x00000000c3400000, 0x00000000c3500000|  0%| F|  |TAMS 0x00000000c3400000, 0x00000000c3400000| Untracked 
|  53|0x00000000c3500000, 0x00000000c3500000, 0x00000000c3600000|  0%| F|  |TAMS 0x00000000c3500000, 0x00000000c3500000| Untracked 
|  54|0x00000000c3600000, 0x00000000c3600000, 0x00000000c3700000|  0%| F|  |TAMS 0x00000000c3600000, 0x00000000c3600000| Untracked 
|  55|0x00000000c3700000, 0x00000000c3700000, 0x00000000c3800000|  0%| F|  |TAMS 0x00000000c3700000, 0x00000000c3700000| Untracked 
|  56|0x00000000c3800000, 0x00000000c3800000, 0x00000000c3900000|  0%| F|  |TAMS 0x00000000c3800000, 0x00000000c3800000| Untracked 
|  57|0x00000000c3900000, 0x00000000c3900000, 0x00000000c3a00000|  0%| F|  |TAMS 0x00000000c3900000, 0x00000000c3900000| Untracked 
|  58|0x00000000c3a00000, 0x00000000c3a00000, 0x00000000c3b00000|  0%| F|  |TAMS 0x00000000c3a00000, 0x00000000c3a00000| Untracked 
|  59|0x00000000c3b00000, 0x00000000c3b00000, 0x00000000c3c00000|  0%| F|  |TAMS 0x00000000c3b00000, 0x00000000c3b00000| Untracked 
|  60|0x00000000c3c00000, 0x00000000c3c00000, 0x00000000c3d00000|  0%| F|  |TAMS 0x00000000c3c00000, 0x00000000c3c00000| Untracked 
|  61|0x00000000c3d00000, 0x00000000c3d00000, 0x00000000c3e00000|  0%| F|  |TAMS 0x00000000c3d00000, 0x00000000c3d00000| Untracked 
|  62|0x00000000c3e00000, 0x00000000c3e00000, 0x00000000c3f00000|  0%| F|  |TAMS 0x00000000c3e00000, 0x00000000c3e00000| Untracked 
|  63|0x00000000c3f00000, 0x00000000c3f00000, 0x00000000c4000000|  0%| F|  |TAMS 0x00000000c3f00000, 0x00000000c3f00000| Untracked 

Card table byte_map: [0x0000000019e40000,0x000000001a040000] _byte_map_base: 0x0000000019840000

Marking Bits (Prev, Next): (CMBitMap*) 0x00000000004fdb00, (CMBitMap*) 0x00000000004fdac8
 Prev Bits: [0x000000001b240000, 0x000000001c240000)
 Next Bits: [0x000000001a240000, 0x000000001b240000)

Polling page: 0x0000000000310000

Metaspace:

Usage:
  Non-class:     24.28 MB capacity,    23.66 MB ( 97%) used,   527.73 KB (  2%) free+waste,   104.44 KB ( <1%) overhead. 
      Class:      3.67 MB capacity,     3.27 MB ( 89%) used,   349.34 KB (  9%) free+waste,    53.13 KB (  1%) overhead. 
       Both:     27.95 MB capacity,    26.94 MB ( 96%) used,   877.07 KB (  3%) free+waste,   157.56 KB ( <1%) overhead. 

Virtual space:
  Non-class space:       26.00 MB reserved,      24.42 MB ( 94%) committed 
      Class space:        1.00 GB reserved,       3.75 MB ( <1%) committed 
             Both:        1.03 GB reserved,      28.17 MB (  3%) committed 

Chunk freelists:
   Non-Class:  2.00 KB
       Class:  2.50 KB
        Both:  4.50 KB

CodeHeap 'non-profiled nmethods': size=239488Kb used=4611Kb max_used=4611Kb free=234876Kb
 bounds [0x000000000ae60000, 0x000000000b2f0000, 0x0000000019840000]
CodeHeap 'non-nmethods': size=6272Kb used=1138Kb max_used=1138Kb free=5134Kb
 bounds [0x000000000a840000, 0x000000000aab0000, 0x000000000ae60000]
 total_blobs=3484 nmethods=2980 adapters=401
 compilation: enabled
              stopped_count=0, restarted_count=0
 full_count=0

Compilation events (10 events):
Event: 6.756 Thread 0x000000001f382000 2990       1       java.util.HashMap::afterNodeAccess (1 bytes)
Event: 6.756 Thread 0x000000001f382000 nmethod 2990 0x000000000b2e0190 code [0x000000000b2e0320, 0x000000000b2e0438]
Event: 6.778 Thread 0x000000001f382000 2991       1       org.springframework.core.type.AnnotatedTypeMetadata::getAnnotationAttributes (9 bytes)
Event: 6.778 Thread 0x000000001f382000 nmethod 2991 0x000000000b2e0490 code [0x000000000b2e0640, 0x000000000b2e0790]
Event: 6.786 Thread 0x000000001f382000 2992       1       javax.management.ObjectName::getDomainLength (8 bytes)
Event: 6.786 Thread 0x000000001f382000 nmethod 2992 0x000000000b2e0810 code [0x000000000b2e09a0, 0x000000000b2e0ab8]
Event: 6.787 Thread 0x000000001f382000 2993       1       java.lang.Throwable::<init> (39 bytes)
Event: 6.787 Thread 0x000000001f382000 nmethod 2993 0x000000000b2e0b10 code [0x000000000b2e0ce0, 0x000000000b2e1250]
Event: 6.787 Thread 0x000000001f382000 2994       1       javax.management.StandardMBean::getCachedMBeanInfo (5 bytes)
Event: 6.787 Thread 0x000000001f382000 nmethod 2994 0x000000000b2e1390 code [0x000000000b2e1520, 0x000000000b2e1638]

GC Heap History (10 events):
Event: 3.065 GC heap after
{Heap after GC invocations=3 (full 0):
 garbage-first heap   total 65536K, used 6989K [0x00000000c0000000, 0x0000000100000000)
  region size 1024K, 2 young (2048K), 2 survivors (2048K)
 Metaspace       used 14448K, capacity 14926K, committed 15104K, reserved 1062912K
  class space    used 1538K, capacity 1727K, committed 1792K, reserved 1048576K
}
Event: 3.539 GC heap before
{Heap before GC invocations=3 (full 0):
 garbage-first heap   total 65536K, used 20301K [0x00000000c0000000, 0x0000000100000000)
  region size 1024K, 15 young (15360K), 2 survivors (2048K)
 Metaspace       used 17631K, capacity 18185K, committed 18304K, reserved 1064960K
  class space    used 1931K, capacity 2131K, committed 2176K, reserved 1048576K
}
Event: 3.548 GC heap after
{Heap after GC invocations=4 (full 0):
 garbage-first heap   total 65536K, used 8328K [0x00000000c0000000, 0x0000000100000000)
  region size 1024K, 2 young (2048K), 2 survivors (2048K)
 Metaspace       used 17631K, capacity 18185K, committed 18304K, reserved 1064960K
  class space    used 1931K, capacity 2131K, committed 2176K, reserved 1048576K
}
Event: 3.975 GC heap before
{Heap before GC invocations=4 (full 0):
 garbage-first heap   total 65536K, used 22664K [0x00000000c0000000, 0x0000000100000000)
  region size 1024K, 18 young (18432K), 2 survivors (2048K)
 Metaspace       used 20453K, capacity 21097K, committed 21296K, reserved 1069056K
  class space    used 2340K, capacity 2593K, committed 2688K, reserved 1048576K
}
Event: 3.983 GC heap after
{Heap after GC invocations=5 (full 0):
 garbage-first heap   total 65536K, used 8779K [0x00000000c0000000, 0x0000000100000000)
  region size 1024K, 2 young (2048K), 2 survivors (2048K)
 Metaspace       used 20453K, capacity 21097K, committed 21296K, reserved 1069056K
  class space    used 2340K, capacity 2593K, committed 2688K, reserved 1048576K
}
Event: 5.114 GC heap before
{Heap before GC invocations=6 (full 0):
 garbage-first heap   total 65536K, used 39499K [0x00000000c0000000, 0x0000000100000000)
  region size 1024K, 33 young (33792K), 2 survivors (2048K)
 Metaspace       used 24084K, capacity 24921K, committed 25136K, reserved 1071104K
  class space    used 2850K, capacity 3191K, committed 3200K, reserved 1048576K
}
Event: 5.123 GC heap after
{Heap after GC invocations=7 (full 0):
 garbage-first heap   total 65536K, used 9914K [0x00000000c0000000, 0x0000000100000000)
  region size 1024K, 3 young (3072K), 3 survivors (3072K)
 Metaspace       used 24084K, capacity 24921K, committed 25136K, reserved 1071104K
  class space    used 2850K, capacity 3191K, committed 3200K, reserved 1048576K
}
Event: 5.465 GC heap before
{Heap before GC invocations=7 (full 0):
 garbage-first heap   total 65536K, used 42682K [0x00000000c0000000, 0x0000000100000000)
  region size 1024K, 36 young (36864K), 3 survivors (3072K)
 Metaspace       used 24786K, capacity 25593K, committed 25776K, reserved 1071104K
  class space    used 2930K, capacity 3266K, committed 3328K, reserved 1048576K
}
Event: 5.476 GC heap after
{Heap after GC invocations=8 (full 0):
 garbage-first heap   total 65536K, used 10773K [0x00000000c0000000, 0x0000000100000000)
  region size 1024K, 3 young (3072K), 3 survivors (3072K)
 Metaspace       used 24786K, capacity 25593K, committed 25776K, reserved 1071104K
  class space    used 2930K, capacity 3266K, committed 3328K, reserved 1048576K
}
Event: 6.788 GC heap before
{Heap before GC invocations=8 (full 0):
 garbage-first heap   total 65536K, used 44565K [0x00000000c0000000, 0x0000000100000000)
  region size 1024K, 36 young (36864K), 3 survivors (3072K)
 Metaspace       used 27585K, capacity 28620K, committed 28848K, reserved 1075200K
  class space    used 3353K, capacity 3756K, committed 3840K, reserved 1048576K
}

Deoptimization events (0 events):
No events

Classes redefined (0 events):
No events

Internal exceptions (10 events):
Event: 6.787 Thread 0x0000000020e67800 Exception <a 'java/lang/ClassNotFoundException'{0x00000000c3c89da0}: org/springframework/boot/actuate/endpoint/jmx/DataEndpointMBean> (0x00000000c3c89da0) thrown at [./open/src/hotspot/share/classfile/systemDictionary.cpp, line 228]
Event: 6.787 Thread 0x0000000020e67800 Exception <a 'java/lang/ClassNotFoundException'{0x00000000c3c8a148}: org/springframework/context/support/LiveBeansView> (0x00000000c3c8a148) thrown at [./open/src/hotspot/share/classfile/systemDictionary.cpp, line 228]
Event: 6.787 Thread 0x0000000020e67800 Exception <a 'java/lang/ClassNotFoundException'{0x00000000c3c8a4f8}: org/springframework/boot/actuate/endpoint/jmx/EndpointMBean> (0x00000000c3c8a4f8) thrown at [./open/src/hotspot/share/classfile/systemDictionary.cpp, line 228]
Event: 6.787 Thread 0x0000000020e67800 Exception <a 'java/lang/ClassNotFoundException'{0x00000000c3c8a8a8}: org/springframework/boot/actuate/endpoint/jmx/DataEndpointMBean> (0x00000000c3c8a8a8) thrown at [./open/src/hotspot/share/classfile/systemDictionary.cpp, line 228]
Event: 6.787 Thread 0x0000000020e67800 Exception <a 'java/lang/ClassNotFoundException'{0x00000000c3c8ac50}: org/springframework/context/support/LiveBeansView> (0x00000000c3c8ac50) thrown at [./open/src/hotspot/share/classfile/systemDictionary.cpp, line 228]
Event: 6.787 Thread 0x0000000020e67800 Exception <a 'java/lang/ClassNotFoundException'{0x00000000c3c8aff8}: org/springframework/boot/actuate/endpoint/jmx/EndpointMBean> (0x00000000c3c8aff8) thrown at [./open/src/hotspot/share/classfile/systemDictionary.cpp, line 228]
Event: 6.787 Thread 0x0000000020e67800 Exception <a 'java/lang/ClassNotFoundException'{0x00000000c3c8b3a0}: org/springframework/boot/actuate/endpoint/jmx/DataEndpointMBean> (0x00000000c3c8b3a0) thrown at [./open/src/hotspot/share/classfile/systemDictionary.cpp, line 228]
Event: 6.787 Thread 0x0000000020e67800 Exception <a 'java/lang/ClassNotFoundException'{0x00000000c3c8b740}: org/springframework/context/support/LiveBeansView> (0x00000000c3c8b740) thrown at [./open/src/hotspot/share/classfile/systemDictionary.cpp, line 228]
Event: 6.787 Thread 0x0000000020e67800 Exception <a 'java/lang/ClassNotFoundException'{0x00000000c3c8bb08}: org/springframework/boot/actuate/endpoint/jmx/EndpointMBean> (0x00000000c3c8bb08) thrown at [./open/src/hotspot/share/classfile/systemDictionary.cpp, line 228]
Event: 6.787 Thread 0x0000000020e67800 Exception <a 'java/lang/ClassNotFoundException'{0x00000000c3c8bed0}: org/springframework/boot/actuate/endpoint/jmx/DataEndpointMBean> (0x00000000c3c8bed0) thrown at [./open/src/hotspot/share/classfile/systemDictionary.cpp, line 228]

Events (10 events):
Event: 6.787 loading class org/springframework/boot/actuate/endpoint/jmx/DataEndpointMBean done
Event: 6.787 loading class org/springframework/context/support/LiveBeansView
Event: 6.787 loading class org/springframework/context/support/LiveBeansView done
Event: 6.787 loading class org/springframework/boot/actuate/endpoint/jmx/EndpointMBean
Event: 6.787 loading class org/springframework/boot/actuate/endpoint/jmx/EndpointMBean done
Event: 6.787 loading class org/springframework/boot/actuate/endpoint/jmx/DataEndpointMBean
Event: 6.787 loading class org/springframework/boot/actuate/endpoint/jmx/DataEndpointMBean done
Event: 6.788 loading class org/springframework/context/support/LiveBeansView
Event: 6.788 loading class org/springframework/context/support/LiveBeansView done
Event: 6.788 Executing VM operation: G1CollectForAllocation


Dynamic libraries:
0x000000013fd00000 - 0x000000013fd47000 	C:\Program Files\Java\jdk-11.0.7\bin\javaw.exe
0x0000000076f10000 - 0x00000000770b9000 	C:\Windows\SYSTEM32\ntdll.dll
0x000007fed8890000 - 0x000007fed88a3000 	C:\Program Files\AVG\Antivirus\aswhook.dll
0x0000000076cf0000 - 0x0000000076e0f000 	C:\Windows\system32\kernel32.dll
0x000007fefcdb0000 - 0x000007fefce1b000 	C:\Windows\system32\KERNELBASE.dll
0x000007fefd320000 - 0x000007fefd3fb000 	C:\Windows\system32\ADVAPI32.dll
0x000007fefd400000 - 0x000007fefd49f000 	C:\Windows\system32\msvcrt.dll
0x000007fefd1b0000 - 0x000007fefd1cf000 	C:\Windows\SYSTEM32\sechost.dll
0x000007fefd080000 - 0x000007fefd1ad000 	C:\Windows\system32\RPCRT4.dll
0x0000000076e10000 - 0x0000000076f0a000 	C:\Windows\system32\USER32.dll
0x000007fefe7f0000 - 0x000007fefe857000 	C:\Windows\system32\GDI32.dll
0x000007fefe860000 - 0x000007fefe86e000 	C:\Windows\system32\LPK.dll
0x000007fefd1f0000 - 0x000007fefd2b9000 	C:\Windows\system32\USP10.dll
0x000007fefb650000 - 0x000007fefb844000 	C:\Windows\WinSxS\amd64_microsoft.windows.common-controls_6595b64144ccf1df_6.0.7601.17514_none_fa396087175ac9ac\COMCTL32.dll
0x000007fefee20000 - 0x000007fefee91000 	C:\Windows\system32\SHLWAPI.dll
0x000007fefbd90000 - 0x000007fefbd9c000 	C:\Windows\system32\VERSION.dll
0x000007fefedf0000 - 0x000007fefee1e000 	C:\Windows\system32\IMM32.DLL
0x000007feff110000 - 0x000007feff219000 	C:\Windows\system32\MSCTF.dll
0x000007fef87b0000 - 0x000007fef87b3000 	C:\Windows\system32\api-ms-win-core-synch-l1-2-0.DLL
0x000007fef4310000 - 0x000007fef4326000 	C:\Program Files\Java\jdk-11.0.7\bin\vcruntime140.dll
0x000007fef4300000 - 0x000007fef4304000 	C:\Program Files\Java\jdk-11.0.7\bin\api-ms-win-crt-runtime-l1-1-0.dll
0x000007feda6a0000 - 0x000007feda796000 	C:\Program Files\Java\jdk-11.0.7\bin\ucrtbase.DLL
0x000007fef4140000 - 0x000007fef4143000 	C:\Program Files\Java\jdk-11.0.7\bin\api-ms-win-core-localization-l1-2-0.dll
0x000007fef4130000 - 0x000007fef4133000 	C:\Program Files\Java\jdk-11.0.7\bin\api-ms-win-core-processthreads-l1-1-1.dll
0x000007fef4120000 - 0x000007fef4123000 	C:\Program Files\Java\jdk-11.0.7\bin\api-ms-win-core-file-l1-2-0.dll
0x000007fef3f60000 - 0x000007fef3f63000 	C:\Program Files\Java\jdk-11.0.7\bin\api-ms-win-core-timezone-l1-1-0.dll
0x000007fef3f50000 - 0x000007fef3f53000 	C:\Program Files\Java\jdk-11.0.7\bin\api-ms-win-core-file-l2-1-0.dll
0x000007fef3d00000 - 0x000007fef3d04000 	C:\Program Files\Java\jdk-11.0.7\bin\api-ms-win-crt-string-l1-1-0.dll
0x000007fef3a40000 - 0x000007fef3a43000 	C:\Program Files\Java\jdk-11.0.7\bin\api-ms-win-crt-heap-l1-1-0.dll
0x000007fef38e0000 - 0x000007fef38e4000 	C:\Program Files\Java\jdk-11.0.7\bin\api-ms-win-crt-stdio-l1-1-0.dll
0x000007fef1a10000 - 0x000007fef1a14000 	C:\Program Files\Java\jdk-11.0.7\bin\api-ms-win-crt-convert-l1-1-0.dll
0x000007fee2920000 - 0x000007fee29ca000 	C:\Program Files\Java\jdk-11.0.7\bin\msvcp140.dll
0x000007fef0a00000 - 0x000007fef0a03000 	C:\Program Files\Java\jdk-11.0.7\bin\api-ms-win-crt-locale-l1-1-0.dll
0x000007fef07a0000 - 0x000007fef07a5000 	C:\Program Files\Java\jdk-11.0.7\bin\api-ms-win-crt-math-l1-1-0.dll
0x000007feef380000 - 0x000007feef385000 	C:\Program Files\Java\jdk-11.0.7\bin\api-ms-win-crt-multibyte-l1-1-0.dll
0x000007feef370000 - 0x000007feef373000 	C:\Program Files\Java\jdk-11.0.7\bin\api-ms-win-crt-time-l1-1-0.dll
0x000007feef360000 - 0x000007feef363000 	C:\Program Files\Java\jdk-11.0.7\bin\api-ms-win-crt-filesystem-l1-1-0.dll
0x000007feef350000 - 0x000007feef353000 	C:\Program Files\Java\jdk-11.0.7\bin\api-ms-win-crt-environment-l1-1-0.dll
0x000007feef340000 - 0x000007feef343000 	C:\Program Files\Java\jdk-11.0.7\bin\api-ms-win-crt-utility-l1-1-0.dll
0x000007fed9720000 - 0x000007feda281000 	C:\Program Files\Java\jdk-11.0.7\bin\server\jvm.dll
0x000007fef9fb0000 - 0x000007fef9fb9000 	C:\Windows\system32\WSOCK32.dll
0x000007fefe7a0000 - 0x000007fefe7ed000 	C:\Windows\system32\WS2_32.dll
0x000007fefeea0000 - 0x000007fefeea8000 	C:\Windows\system32\NSI.dll
0x000007fef9f00000 - 0x000007fef9f3b000 	C:\Windows\system32\WINMM.dll
0x00000000770e0000 - 0x00000000770e7000 	C:\Windows\system32\PSAPI.DLL
0x000007fef0f60000 - 0x000007fef0f71000 	C:\Program Files\Java\jdk-11.0.7\bin\verify.dll
0x000007fef7bc0000 - 0x000007fef7ce5000 	C:\Windows\system32\DBGHELP.DLL
0x000007feef100000 - 0x000007feef129000 	C:\Program Files\Java\jdk-11.0.7\bin\java.dll
0x000007fef42e0000 - 0x000007fef42ea000 	C:\Program Files\Java\jdk-11.0.7\bin\jimage.dll
0x000007fef0f40000 - 0x000007fef0f56000 	C:\Program Files\Java\jdk-11.0.7\bin\zip.dll
0x000007fefd760000 - 0x000007fefe4e8000 	C:\Windows\system32\SHELL32.dll
0x000007fefe4f0000 - 0x000007fefe6f3000 	C:\Windows\system32\ole32.dll
0x000007fefccd0000 - 0x000007fefccdf000 	C:\Windows\system32\profapi.dll
0x000007fef0960000 - 0x000007fef0979000 	C:\Program Files\Java\jdk-11.0.7\bin\net.dll
0x000007fef8690000 - 0x000007fef8701000 	C:\Windows\system32\WINHTTP.dll
0x000007fef8610000 - 0x000007fef8674000 	C:\Windows\system32\webio.dll
0x000007fefc460000 - 0x000007fefc4b5000 	C:\Windows\system32\mswsock.dll
0x000007fefc450000 - 0x000007fefc457000 	C:\Windows\System32\wship6.dll
0x000007feef2a0000 - 0x000007feef2b3000 	C:\Program Files\Java\jdk-11.0.7\bin\nio.dll
0x000007fef42f0000 - 0x000007fef42f9000 	C:\Program Files\Java\jdk-11.0.7\bin\management.dll
0x000007fef4150000 - 0x000007fef415c000 	C:\Program Files\Java\jdk-11.0.7\bin\management_ext.dll
0x000007fefad70000 - 0x000007fefad85000 	C:\Windows\system32\NLAapi.dll
0x000007fef4f10000 - 0x000007fef4f25000 	C:\Windows\system32\napinsp.dll
0x000007fef4ec0000 - 0x000007fef4ed9000 	C:\Windows\system32\pnrpnsp.dll
0x000007fefc2e0000 - 0x000007fefc33b000 	C:\Windows\system32\DNSAPI.dll
0x000007fef4c60000 - 0x000007fef4c6b000 	C:\Windows\System32\winrnr.dll
0x000007fefbe60000 - 0x000007fefbe67000 	C:\Windows\System32\wshtcpip.dll
0x000007fef9e80000 - 0x000007fef9ea7000 	C:\Windows\system32\IPHLPAPI.DLL
0x000007fef9e70000 - 0x000007fef9e7b000 	C:\Windows\system32\WINNSI.DLL
0x000007fef4cf0000 - 0x000007fef4cf8000 	C:\Windows\system32\rasadhlp.dll
0x000007fef9c10000 - 0x000007fef9c63000 	C:\Windows\System32\fwpuclnt.dll
0x000007fefc4c0000 - 0x000007fefc4d7000 	C:\Windows\system32\CRYPTSP.dll
0x000007fefc1c0000 - 0x000007fefc207000 	C:\Windows\system32\rsaenh.dll
0x000007fefcd70000 - 0x000007fefcd8e000 	C:\Windows\system32\USERENV.dll
0x000007fefcb20000 - 0x000007fefcb2f000 	C:\Windows\system32\CRYPTBASE.dll
0x000007fef9770000 - 0x000007fef9788000 	C:\Windows\system32\dhcpcsvc.DLL
0x000007fef9670000 - 0x000007fef9681000 	C:\Windows\system32\dhcpcsvc6.DLL

dbghelp: loaded successfully - version: 4.0.5 - missing functions: none
symbol engine: initialized successfully - sym options: 0x614 - pdb path: .;C:\Program Files\Java\jdk-11.0.7\bin;C:\Windows\SYSTEM32;C:\Program Files\AVG\Antivirus;C:\Windows\WinSxS\amd64_microsoft.windows.common-controls_6595b64144ccf1df_6.0.7601.17514_none_fa396087175ac9ac;C:\Program Files\Java\jdk-11.0.7\bin\server

VM Arguments:
jvm_args: -Dcom.sun.management.jmxremote -Dcom.sun.management.jmxremote.port=53167 -Dcom.sun.management.jmxremote.authenticate=false -Dcom.sun.management.jmxremote.ssl=false -Djava.rmi.server.hostname=localhost -Dspring.jmx.enabled=true -Dspring.application.admin.enabled=true -Xverify:none -XX:TieredStopAtLevel=1 -Dspring.boot.project.name=course -Dfile.encoding=UTF-8 
java_command: com.ablogic.course.CourseApplication --spring.output.ansi.enabled=always
java_class_path (initial): C:\Spring\Nelio\course\target\classes;C:\Users\Adalberto\.m2\repository\org\springframework\boot\spring-boot-starter-web\2.3.2.RELEASE\spring-boot-starter-web-2.3.2.RELEASE.jar;C:\Users\Adalberto\.m2\repository\org\springframework\boot\spring-boot-starter\2.3.2.RELEASE\spring-boot-starter-2.3.2.RELEASE.jar;C:\Users\Adalberto\.m2\repository\org\springframework\boot\spring-boot\2.3.2.RELEASE\spring-boot-2.3.2.RELEASE.jar;C:\Users\Adalberto\.m2\repository\org\springframework\boot\spring-boot-autoconfigure\2.3.2.RELEASE\spring-boot-autoconfigure-2.3.2.RELEASE.jar;C:\Users\Adalberto\.m2\repository\org\springframework\boot\spring-boot-starter-logging\2.3.2.RELEASE\spring-boot-starter-logging-2.3.2.RELEASE.jar;C:\Users\Adalberto\.m2\repository\ch\qos\logback\logback-classic\1.2.3\logback-classic-1.2.3.jar;C:\Users\Adalberto\.m2\repository\ch\qos\logback\logback-core\1.2.3\logback-core-1.2.3.jar;C:\Users\Adalberto\.m2\repository\org\apache\logging\log4j\log4j-to-slf4j\2.13.3\log4j-to-slf4j-2.13.3.jar;C:\Users\Adalberto\.m2\repository\org\apache\logging\log4j\log4j-api\2.13.3\log4j-api-2.13.3.jar;C:\Users\Adalberto\.m2\repository\org\slf4j\jul-to-slf4j\1.7.30\jul-to-slf4j-1.7.30.jar;C:\Users\Adalberto\.m2\repository\jakarta\annotation\jakarta.annotation-api\1.3.5\jakarta.annotation-api-1.3.5.jar;C:\Users\Adalberto\.m2\repository\org\yaml\snakeyaml\1.26\snakeyaml-1.26.jar;C:\Users\Adalberto\.m2\repository\org\springframework\boot\spring-boot-starter-json\2.3.2.RELEASE\spring-boot-starter-json-2.3.2.RELEASE.jar;C:\Users\Adalberto\.m2\repository\com\fasterxml\jackson\core\jackson-databind\2.11.1\jackson-databind-2.11.1.jar;C:\Users\Adalberto\.m2\repository\com\fasterxml\jackson\core\jackson-annotations\2.11.1\jackson-annotations-2.11.1.jar;C:\Users\Adalberto\.m2\repository\com\fasterxml\jackson\core\jackson-core\2.11.1\jackson-core-2.11.1.jar;C:\Users\Adalberto\.m2\repository\com\fasterxml\jackson\datatype\jackson-datatype-jdk8\2.11.1\jackson-dataty
Launcher Type: SUN_STANDARD

[Global flags]
     bool BytecodeVerificationLocal                = false                                     {product} {command line}
     bool BytecodeVerificationRemote               = false                                     {product} {command line}
     intx CICompilerCount                          = 2                                         {product} {ergonomic}
     uint ConcGCThreads                            = 1                                         {product} {ergonomic}
     uint G1ConcRefinementThreads                  = 2                                         {product} {ergonomic}
   size_t G1HeapRegionSize                         = 1048576                                   {product} {ergonomic}
    uintx GCDrainStackTargetSize                   = 64                                        {product} {ergonomic}
   size_t InitialHeapSize                          = 67108864                                  {product} {ergonomic}
     bool ManagementServer                         = true                                      {product} {command line}
   size_t MarkStackSize                            = 4194304                                   {product} {ergonomic}
   size_t MaxHeapSize                              = 1073741824                                {product} {ergonomic}
   size_t MaxNewSize                               = 643825664                                 {product} {ergonomic}
   size_t MinHeapDeltaBytes                        = 1048576                                   {product} {ergonomic}
    uintx NonNMethodCodeHeapSize                   = 6396312                                {pd product} {ergonomic}
    uintx NonProfiledCodeHeapSize                  = 245261928                              {pd product} {ergonomic}
    uintx ProfiledCodeHeapSize                     = 0                                      {pd product} {ergonomic}
    uintx ReservedCodeCacheSize                    = 251658240                              {pd product} {ergonomic}
     bool SegmentedCodeCache                       = true                                      {product} {ergonomic}
     intx TieredStopAtLevel                        = 1                                         {product} {command line}
     bool UseCompressedClassPointers               = true                                 {lp64_product} {ergonomic}
     bool UseCompressedOops                        = true                                 {lp64_product} {ergonomic}
     bool UseG1GC                                  = true                                      {product} {ergonomic}
     bool UseLargePagesIndividualAllocation        = false                                  {pd product} {ergonomic}

Logging:
Log output configuration:
 #0: stdout all=warning uptime,level,tags
 #1: stderr all=off uptime,level,tags

Environment Variables:
JAVA_HOME=C:\Program Files\Java\jdk-11.0.7
PATH=C:/Program Files/Java/jdk-11.0.7/bin/server;C:/Program Files/Java/jdk-11.0.7/bin;C:\Windows\system32;C:\Windows;C:\Windows\system32\wbem;;C:\Program Files\Java\jdk-11.0.7\bin;C:\Program Files (x86)\Embarcadero\Studio\18.0\bin;C:\Users\Public\Documents\Embarcadero\Studio\18.0\Bpl;C:\Program Files (x86)\Embarcadero\Studio\18.0\bin64;C:\Users\Public\Documents\Embarcadero\Studio\18.0\Bpl\Win64;C:\ProgramData\Oracle\Java\javapath;C:\Program Files (x86)\CollabNet;D:\InstantClient\InstantClientBasic;C:\Windows\System32\WindowsPowerShell\v1.0;C:\Program Files (x86)\Internet Explorer;%PROGRAMFILES%\Internet Explorer;C:\Program Files (x86)\QuickTime\QTSystem;C:\Program Files\Microsoft\Web Platform Installer;C:\Program Files (x86)\Microsoft ASP.NET\ASP.NET Web Pages\v1.0;C:\Program Files (x86)\Windows Kits\8.0\Windows Performance Toolkit;C:\Program Files\Microsoft SQL Server\110\Tools\Binn;C:\Program Files\Microsoft SQL Server\110\DTS\Binn;C:\Program Files (x86)\Microsoft SQL Server\110\Tools\Binn;C:\Program Files (x86)\Microsoft SQL Server\110\Tools\Binn\ManagementStudio;C:\Program Files (x86)\Microsoft Visual Studio 10.0\Common7\IDE\PrivateAssemblies;C:\Program Files (x86)\Microsoft SQL Server\110\DTS\Binn;GRADLE_HOME\bin;C:\Program Files (x86)\Skype\Phone;C:\Program Files (x86)\GtkSharp\2.12\bin12\binq??? ??;C:\Program Files\Microsoft SQL Server\120\Tools\Binn\;C:\Program Files\Git\cmd;C:\Program Files (x86)\CodeBlocks\MinGW\bin;C:\Program Files\PostgreSQL\10\bin;C:\Program Files\PostgreSQL\10\lib;C:\Xampp\php;;C:\Users\Adalberto\AppData\Local\Programs\Microsoft VS Code\bin;C:\STS-4.6.0.RELEASE;
USERNAME=Adalberto
OS=Windows_NT
PROCESSOR_IDENTIFIER=Intel64 Family 6 Model 23 Stepping 10, GenuineIntel



---------------  S Y S T E M  ---------------

OS: Windows 7 , 64 bit Build 7601 (6.1.7601.18015)

CPU:total 2 (initial active 2) (2 cores per cpu, 1 threads per core) family 6 model 23 stepping 10, cmov, cx8, fxsr, mmx, sse, sse2, sse3, ssse3, sse4.1, tsc

Memory: 4k page, system-wide physical 4095M (263M free)
TotalPageFile size 4593M (AvailPageFile size 11M)
current process WorkingSet (physical memory assigned to process): 117M, peak: 117M
current process commit charge ("private bytes"): 170M, peak: 183M

vm_info: Java HotSpot(TM) 64-Bit Server VM (11.0.7+8-LTS) for windows-amd64 JRE (11.0.7+8-LTS), built on Mar 12 2020 02:04:32 by "mach5one" with MS VC++ 15.5 (VS2017)

END.
